0 info it worked if it ends with ok
1 verbose cli [ '/usr/bin/nodejs', '/usr/bin/npm', 'run', 'sass' ]
2 info using npm@3.5.2
3 info using node@v4.2.6
4 verbose run-script [ 'presass', 'sass', 'postsass' ]
5 info lifecycle tortuga@1.0.0~presass: tortuga@1.0.0
6 silly lifecycle tortuga@1.0.0~presass: no script for presass, continuing
7 info lifecycle tortuga@1.0.0~sass: tortuga@1.0.0
8 verbose lifecycle tortuga@1.0.0~sass: unsafe-perm in lifecycle true
9 verbose lifecycle tortuga@1.0.0~sass: PATH: /usr/share/npm/bin/node-gyp-bin:/mnt/c/Users/mickbeck/Desktop/web_dev/tortuga/node_modules/.bin:/home/mickbeck/bin:/home/mickbeck/.local/bin:/usr/local/sbin:/usr/local/bin:/usr/sbin:/usr/bin:/sbin:/bin:/usr/games:/usr/local/games:/mnt/c/Program Files (x86)/NVIDIA Corporation/PhysX/Common:/mnt/c/Windows/System32:/mnt/c/Windows:/mnt/c/Windows/System32/wbem:/mnt/c/Windows/System32/WindowsPowerShell/v1.0:/mnt/c/Windows/System32/OpenSSH:/mnt/c/Program Files/nodejs:/mnt/c/Users/mickbeck/AppData/Local/Microsoft/WindowsApps:/mnt/c/Users/mickbeck/AppData/Local/Programs/Microsoft VS Code/bin:/mnt/c/Users/mickbeck/AppData/Roaming/npm:/snap/bin
10 verbose lifecycle tortuga@1.0.0~sass: CWD: /mnt/c/Users/mickbeck/Desktop/web_dev/tortuga
11 silly lifecycle tortuga@1.0.0~sass: Args: [ '-c', 'node-sass -w scss/ -o css/ --recursive' ]
12 silly lifecycle tortuga@1.0.0~sass: Returned: code: 1  signal: null
13 info lifecycle tortuga@1.0.0~sass: Failed to exec sass script
14 verbose stack Error: tortuga@1.0.0 sass: `node-sass -w scss/ -o css/ --recursive`
14 verbose stack Exit status 1
14 verbose stack     at EventEmitter.<anonymous> (/usr/share/npm/lib/utils/lifecycle.js:232:16)
14 verbose stack     at emitTwo (events.js:87:13)
14 verbose stack     at EventEmitter.emit (events.js:172:7)
14 verbose stack     at ChildProcess.<anonymous> (/usr/share/npm/lib/utils/spawn.js:24:14)
14 verbose stack     at emitTwo (events.js:87:13)
14 verbose stack     at ChildProcess.emit (events.js:172:7)
14 verbose stack     at maybeClose (internal/child_process.js:821:16)
14 verbose stack     at Process.ChildProcess._handle.onexit (internal/child_process.js:211:5)
15 verbose pkgid tortuga@1.0.0
16 verbose cwd /mnt/c/Users/mickbeck/Desktop/web_dev/tortuga
17 error Linux 4.4.0-17763-Microsoft
18 error argv "/usr/bin/nodejs" "/usr/bin/npm" "run" "sass"
19 error node v4.2.6
20 error npm  v3.5.2
21 error code ELIFECYCLE
22 error tortuga@1.0.0 sass: `node-sass -w scss/ -o css/ --recursive`
22 error Exit status 1
23 error Failed at the tortuga@1.0.0 sass script 'node-sass -w scss/ -o css/ --recursive'.
23 error Make sure you have the latest version of node.js and npm installed.
23 error If you do, this is most likely a problem with the tortuga package,
23 error not with npm itself.
23 error Tell the author that this fails on your system:
23 error     node-sass -w scss/ -o css/ --recursive
23 error You can get information on how to open an issue for this project with:
23 error     npm bugs tortuga
23 error Or if that isn't available, you can get their info via:
23 error     npm owner ls tortuga
23 error There is likely additional logging output above.
24 verbose exit [ 1, true ]
